[32m2026-03-05 11:35:25 -0500[0m - dagster - [34mDEBUG[0m - __ASSET_JOB - ac7c136d-d688-43b5-bbc8-b3a8f852e5d0 - 41537 - LOGS_CAPTURED - Started capturing logs in process (pid: 41537).
[32m2026-03-05 11:35:25 -0500[0m - dagster - [34mDEBUG[0m - __ASSET_JOB - ac7c136d-d688-43b5-bbc8-b3a8f852e5d0 - 41537 - update_analytics_page_data - STEP_START - Started execution of step "update_analytics_page_data".
[32m2026-03-05 11:35:25 -0500[0m - dagster - [34mDEBUG[0m - __ASSET_JOB - ac7c136d-d688-43b5-bbc8-b3a8f852e5d0 - update_analytics_page_data - Loading file from: /Users/ashilys/Desktop/RealityStats/.tmp_dagster_home_4iy9jf46/storage/extract_to_csv using PickledObjectFilesystemIOManager...
[32m2026-03-05 11:35:25 -0500[0m - dagster - [34mDEBUG[0m - __ASSET_JOB - ac7c136d-d688-43b5-bbc8-b3a8f852e5d0 - 41537 - update_analytics_page_data - LOADED_INPUT - Loaded input "extract_to_csv" using input manager "io_manager", from output "result" of step "extract_to_csv"
[32m2026-03-05 11:35:25 -0500[0m - dagster - [34mDEBUG[0m - __ASSET_JOB - ac7c136d-d688-43b5-bbc8-b3a8f852e5d0 - 41537 - update_analytics_page_data - STEP_INPUT - Got input "extract_to_csv" of type "Any". (Type check passed).
[32m2026-03-05 11:35:25 -0500[0m - dagster - [34mERROR[0m - [31m__ASSET_JOB - ac7c136d-d688-43b5-bbc8-b3a8f852e5d0 - 41537 - update_analytics_page_data - STEP_FAILURE - Execution of step "update_analytics_page_data" failed.

dagster._core.errors.DagsterExecutionStepExecutionError: Error occurred while executing op "update_analytics_page_data"::

FileNotFoundError: [Errno 2] No such file or directory: './data/./data/bachelorette_wiki_raw.csv'

Stack Trace:
  File "/Users/ashilys/Desktop/RealityStats/.venv/lib/python3.9/site-packages/dagster/_core/execution/plan/utils.py", line 57, in op_execution_error_boundary
    yield
  File "/Users/ashilys/Desktop/RealityStats/.venv/lib/python3.9/site-packages/dagster/_utils/__init__.py", line 392, in iterate_with_context
    next_output = next(iterator)
  File "/Users/ashilys/Desktop/RealityStats/.venv/lib/python3.9/site-packages/dagster/_core/execution/plan/compute_generator.py", line 137, in _coerce_op_compute_fn_to_iterator
    result = invoke_compute_fn(
  File "/Users/ashilys/Desktop/RealityStats/.venv/lib/python3.9/site-packages/dagster/_core/execution/plan/compute_generator.py", line 117, in invoke_compute_fn
    return fn(context, **args_to_pass) if context_arg_provided else fn(**args_to_pass)
  File "/Users/ashilys/Desktop/RealityStats/src/assets/refresh_analytics.py", line 21, in update_analytics_page_data
    df = pd.read_csv(csv_file)
  File "/Users/ashilys/Desktop/RealityStats/.venv/lib/python3.9/site-packages/pandas/io/parsers/readers.py", line 1026, in read_csv
    return _read(filepath_or_buffer, kwds)
  File "/Users/ashilys/Desktop/RealityStats/.venv/lib/python3.9/site-packages/pandas/io/parsers/readers.py", line 620, in _read
    parser = TextFileReader(filepath_or_buffer, **kwds)
  File "/Users/ashilys/Desktop/RealityStats/.venv/lib/python3.9/site-packages/pandas/io/parsers/readers.py", line 1620, in __init__
    self._engine = self._make_engine(f, self.engine)
  File "/Users/ashilys/Desktop/RealityStats/.venv/lib/python3.9/site-packages/pandas/io/parsers/readers.py", line 1880, in _make_engine
    self.handles = get_handle(
  File "/Users/ashilys/Desktop/RealityStats/.venv/lib/python3.9/site-packages/pandas/io/common.py", line 873, in get_handle
    handle = open(
[0m
