[32m2026-03-05 11:56:56 -0500[0m - dagster - [34mDEBUG[0m - __ASSET_JOB - 461179f8-3082-4295-b4d9-f87684e97813 - 42134 - LOGS_CAPTURED - Started capturing logs in process (pid: 42134).
[32m2026-03-05 11:56:56 -0500[0m - dagster - [34mDEBUG[0m - __ASSET_JOB - 461179f8-3082-4295-b4d9-f87684e97813 - 42134 - update_analytics_page_data - STEP_START - Started execution of step "update_analytics_page_data".
[32m2026-03-05 11:56:56 -0500[0m - dagster - [34mDEBUG[0m - __ASSET_JOB - 461179f8-3082-4295-b4d9-f87684e97813 - update_analytics_page_data - Loading file from: /Users/ashilys/Desktop/RealityStats/.tmp_dagster_home_4iy9jf46/storage/extract_to_csv using PickledObjectFilesystemIOManager...
[32m2026-03-05 11:56:56 -0500[0m - dagster - [34mDEBUG[0m - __ASSET_JOB - 461179f8-3082-4295-b4d9-f87684e97813 - 42134 - update_analytics_page_data - LOADED_INPUT - Loaded input "extract_to_csv" using input manager "io_manager", from output "result" of step "extract_to_csv"
[32m2026-03-05 11:56:56 -0500[0m - dagster - [34mDEBUG[0m - __ASSET_JOB - 461179f8-3082-4295-b4d9-f87684e97813 - 42134 - update_analytics_page_data - STEP_INPUT - Got input "extract_to_csv" of type "Any". (Type check passed).
[32m2026-03-05 11:56:57 -0500[0m - dagster - [34mERROR[0m - [31m__ASSET_JOB - 461179f8-3082-4295-b4d9-f87684e97813 - 42134 - update_analytics_page_data - STEP_FAILURE - Execution of step "update_analytics_page_data" failed.

dagster._core.errors.DagsterExecutionStepExecutionError: Error occurred while executing op "update_analytics_page_data"::

KeyError: 'name'

Stack Trace:
  File "/Users/ashilys/Desktop/RealityStats/.venv/lib/python3.9/site-packages/dagster/_core/execution/plan/utils.py", line 57, in op_execution_error_boundary
    yield
  File "/Users/ashilys/Desktop/RealityStats/.venv/lib/python3.9/site-packages/dagster/_utils/__init__.py", line 392, in iterate_with_context
    next_output = next(iterator)
  File "/Users/ashilys/Desktop/RealityStats/.venv/lib/python3.9/site-packages/dagster/_core/execution/plan/compute_generator.py", line 137, in _coerce_op_compute_fn_to_iterator
    result = invoke_compute_fn(
  File "/Users/ashilys/Desktop/RealityStats/.venv/lib/python3.9/site-packages/dagster/_core/execution/plan/compute_generator.py", line 117, in invoke_compute_fn
    return fn(context, **args_to_pass) if context_arg_provided else fn(**args_to_pass)
  File "/Users/ashilys/Desktop/RealityStats/src/assets/refresh_analytics.py", line 24, in update_analytics_page_data
    new_df["Contestant"] = df["name"]
  File "/Users/ashilys/Desktop/RealityStats/.venv/lib/python3.9/site-packages/pandas/core/frame.py", line 4113, in __getitem__
    indexer = self.columns.get_loc(key)
  File "/Users/ashilys/Desktop/RealityStats/.venv/lib/python3.9/site-packages/pandas/core/indexes/base.py", line 3819, in get_loc
    raise KeyError(key) from err

The above exception was caused by the following exception:
KeyError: 'name'

Stack Trace:
  File "/Users/ashilys/Desktop/RealityStats/.venv/lib/python3.9/site-packages/pandas/core/indexes/base.py", line 3812, in get_loc
    return self._engine.get_loc(casted_key)
  File "pandas/_libs/index.pyx", line 167, in pandas._libs.index.IndexEngine.get_loc
  File "pandas/_libs/index.pyx", line 196, in pandas._libs.index.IndexEngine.get_loc
  File "pandas/_libs/hashtable_class_helper.pxi", line 7088, in pandas._libs.hashtable.PyObjectHashTable.get_item
  File "pandas/_libs/hashtable_class_helper.pxi", line 7096, in pandas._libs.hashtable.PyObjectHashTable.get_item
[0m
